  Controler.cpp
C:\Users\yummy hair\GD1P03_Assignment3\TowerMasterStudios_Advanced2DGame\Controler.cpp(10,78): warning C4244: 'argument': conversion from 'int' to 'T', possible loss of data
          with
          [
              T=float
          ]
C:\Users\yummy hair\GD1P03_Assignment3\TowerMasterStudios_Advanced2DGame\Controler.cpp(10,73): warning C4244: 'argument': conversion from 'int' to 'T', possible loss of data
          with
          [
              T=float
          ]
C:\Users\yummy hair\GD1P03_Assignment3\TowerMasterStudios_Advanced2DGame\Controler.cpp(24,75): warning C4244: 'argument': conversion from 'T' to 'T', possible loss of data
          with
          [
              T=float
          ]
          and
          [
              T=unsigned int
          ]
C:\Users\yummy hair\GD1P03_Assignment3\TowerMasterStudios_Advanced2DGame\Controler.cpp(24,57): warning C4244: 'argument': conversion from 'T' to 'T', possible loss of data
          with
          [
              T=float
          ]
          and
          [
              T=unsigned int
          ]
C:\Users\yummy hair\GD1P03_Assignment3\TowerMasterStudios_Advanced2DGame\Controler.cpp(37,82): warning C4244: 'argument': conversion from 'T' to 'T', possible loss of data
          with
          [
              T=unsigned int
          ]
          and
          [
              T=float
          ]
C:\Users\yummy hair\GD1P03_Assignment3\TowerMasterStudios_Advanced2DGame\Controler.cpp(37,65): warning C4244: 'argument': conversion from 'T' to 'T', possible loss of data
          with
          [
              T=unsigned int
          ]
          and
          [
              T=float
          ]
  TowerMasterStudios_Advanced2DGame.vcxproj -> C:\Users\yummy hair\GD1P03_Assignment3\Debug\TowerMasterStudios_Advanced2DGame.exe
